<?xml version="1.0" encoding="UTF-8"?>
<!-- Generated by org.testng.reporters.JUnitReportReporter -->
<testsuite hostname="DESKTOP-SQ1HPPK" failures="0" tests="1" name="com.testng.demo.FacebookTests" time="0.017" errors="0" timestamp="2023-04-09T20:10:21 IST" skipped="0">
  <testcase classname="com.testng.demo.FacebookTests" name="facebookValidLoginCheck" time="0.017"/>
</testsuite> <!-- com.testng.demo.FacebookTests -->
