<?xml version="1.0" encoding="UTF-8"?>
<!-- Generated by org.testng.reporters.JUnitReportReporter -->
<testsuite hostname="DESKTOP-SQ1HPPK" failures="0" tests="4" name="com.app.tests.AppTests" time="58.536" errors="0" timestamp="2023-04-23T22:56:44 IST" skipped="0">
  <testcase classname="com.app.tests.AppTests" name="verifySignup" time="13.224"/>
  <testcase classname="com.app.tests.AppTests" name="verifySignup" time="15.454"/>
  <testcase classname="com.app.tests.AppTests" name="verifySignup" time="12.683"/>
  <testcase classname="com.app.tests.AppTests" name="verifySignup" time="17.175"/>
</testsuite> <!-- com.app.tests.AppTests -->
