<?xml version="1.0" encoding="UTF-8"?>
<!-- Generated by org.testng.reporters.JUnitReportReporter -->
<testsuite hostname="DESKTOP-SQ1HPPK" failures="0" tests="1" name="com.testng.demo.SeleniumMethodsDemo1" time="85.409" errors="0" timestamp="2023-04-16T21:46:15 IST" skipped="0">
  <testcase classname="com.testng.demo.SeleniumMethodsDemo1" name="selMethodsDemo1" time="85.409"/>
</testsuite> <!-- com.testng.demo.SeleniumMethodsDemo1 -->
