<?xml version="1.0" encoding="UTF-8"?>
<!-- Generated by org.testng.reporters.JUnitReportReporter -->
<testsuite hostname="DESKTOP-SQ1HPPK" failures="0" tests="1" name="com.testng.demo.SeleniumMethodsDemo2" time="26.793" errors="0" timestamp="2023-04-22T20:16:49 IST" skipped="0">
  <testcase classname="com.testng.demo.SeleniumMethodsDemo2" name="selMethodsDemo2" time="26.793"/>
</testsuite> <!-- com.testng.demo.SeleniumMethodsDemo2 -->
