<?xml version="1.0" encoding="UTF-8"?>
<!-- Generated by org.testng.reporters.JUnitReportReporter -->
<testsuite hostname="DESKTOP-SQ1HPPK" failures="0" tests="1" name="com.testng.demo.SeleniumDemo" time="7.443" errors="0" timestamp="2023-04-15T22:09:40 IST" skipped="0">
  <testcase classname="com.testng.demo.SeleniumDemo" name="launchFacebook" time="7.443"/>
</testsuite> <!-- com.testng.demo.SeleniumDemo -->
