<?xml version="1.0" encoding="UTF-8"?>
<!-- Generated by org.testng.reporters.JUnitReportReporter -->
<testsuite hostname="DESKTOP-SQ1HPPK" failures="0" tests="2" name="com.testng.demo.SeleniumDemo" time="16.018" errors="0" timestamp="2023-04-09T20:52:40 IST" skipped="0">
  <testcase classname="com.testng.demo.SeleniumDemo" name="launchAppInEdge" time="9.480"/>
  <testcase classname="com.testng.demo.SeleniumDemo" name="launchAppInChrome" time="6.538"/>
</testsuite> <!-- com.testng.demo.SeleniumDemo -->
