<?xml version="1.0" encoding="UTF-8"?>
<!-- Generated by org.testng.reporters.JUnitReportReporter -->
<testsuite hostname="DESKTOP-SQ1HPPK" failures="0" tests="1" name="com.testng.demo.SeleniumDemo2" time="10.923" errors="0" timestamp="2023-04-15T22:03:55 IST" skipped="0">
  <testcase classname="com.testng.demo.SeleniumDemo2" name="verifyUserLogin" time="10.923"/>
</testsuite> <!-- com.testng.demo.SeleniumDemo2 -->
