<?xml version="1.0" encoding="UTF-8"?>
<!-- Generated by org.testng.reporters.JUnitReportReporter -->
<testsuite hostname="DESKTOP-SQ1HPPK" failures="0" tests="4" name="com.app.tests.AppTests" time="23.606" errors="0" timestamp="2023-04-22T21:50:43 IST" skipped="0">
  <testcase classname="com.app.tests.AppTests" name="verifyLogin" time="9.876"/>
  <testcase classname="com.app.tests.AppTests" name="verifySignup" time="3.928"/>
  <testcase classname="com.app.tests.AppTests" name="verifyHomepage" time="5.237"/>
  <testcase classname="com.app.tests.AppTests" name="verifyFooter" time="4.565"/>
</testsuite> <!-- com.app.tests.AppTests -->
