<?xml version="1.0" encoding="UTF-8"?>
<!-- Generated by org.testng.reporters.JUnitReportReporter -->
<testsuite hostname="DESKTOP-SQ1HPPK" failures="0" tests="1" name="com.testng.demo.SeleniumDemo2" time="17.541" errors="0" timestamp="2023-04-09T22:00:47 IST" skipped="0">
  <testcase classname="com.testng.demo.SeleniumDemo2" name="verifyUserLogin" time="17.541"/>
</testsuite> <!-- com.testng.demo.SeleniumDemo2 -->
