<?xml version="1.0" encoding="UTF-8"?>
<!-- Generated by org.testng.reporters.JUnitReportReporter -->
<testsuite hostname="DESKTOP-SQ1HPPK" failures="0" tests="1" name="com.testng.demo.SeleniumLocatorsDemo" time="19.038" errors="0" timestamp="2023-04-15T22:44:14 IST" skipped="0">
  <testcase classname="com.testng.demo.SeleniumLocatorsDemo" name="launchFacebook" time="19.038"/>
</testsuite> <!-- com.testng.demo.SeleniumLocatorsDemo -->
