<?xml version="1.0" encoding="UTF-8"?>
<!-- Generated by org.testng.reporters.JUnitReportReporter -->
<testsuite hostname="DESKTOP-SQ1HPPK" failures="0" tests="1" name="com.app.tests.SeleniumAndAPIDemo" time="19.281" errors="0" timestamp="2023-04-29T22:44:22 IST" skipped="0">
  <testcase classname="com.app.tests.SeleniumAndAPIDemo" name="seleniumAPIIntegration" time="19.281"/>
</testsuite> <!-- com.app.tests.SeleniumAndAPIDemo -->
